ARM GAS  1.s 			page 1


   1              		.thumb
   2              		.syntax unified
   3              	vectors:
   4 0000 00100020 		.word zhanding
   5 0004 09000000 		.word kaishi + 1
   6              		.equ zhanding, 0x20001000
   7              	
   8              	kaishi:
   9              	__kai_pa_shi_zhong:	
  10 0008 0748     		ldr r0, = 0x40021034
  11 000a 0121     		movs r1, # 1
  12 000c 0160     		str r1, [r0]
  13              	__pa_she_zhi:	
  14 000e 0748     		ldr r0, = 0x50000000
  15 0010 0749     		ldr r1, = 0xebfffffD
  16 0012 0160     		str r1, [r0]
  17 0014 0121     		movs r1, # 1
  18              	ting:
  19              	__led_kai:	
  20 0016 8161     		str r1, [r0, # 0x18]
  21 0018 064A     		ldr r2, = 0xfffff
  22              	__led_kai_yanshi:
  23 001a 013A     		subs r2, r2, # 1
  24 001c FDD1     		bne __led_kai_yanshi
  25              	__led_guan:	
  26 001e 8162     		str r1, [r0, # 0x28]
  27 0020 044A     		ldr r2, = 0xfffff
  28              	__led_guan_yanshi:
  29 0022 013A     		subs r2, r2, # 1
  30 0024 FDD1     		bne __led_guan_yanshi
  31 0026 F6E73410 		b ting
  31      02400000 
  31      0050FDFF 
  31      FFEBFFFF 
  31      0F00
ARM GAS  1.s 			page 2


DEFINED SYMBOLS
                 1.s:3      .text:00000000 vectors
                            *ABS*:20001000 zhanding
                 1.s:8      .text:00000008 kaishi
                 1.s:9      .text:00000008 __kai_pa_shi_zhong
                            .text:00000000 $d
                 1.s:10     .text:00000008 $t
                 1.s:13     .text:0000000e __pa_she_zhi
                 1.s:18     .text:00000016 ting
                 1.s:19     .text:00000016 __led_kai
                 1.s:22     .text:0000001a __led_kai_yanshi
                 1.s:25     .text:0000001e __led_guan
                 1.s:28     .text:00000022 __led_guan_yanshi
                 1.s:31     .text:00000028 $d

NO UNDEFINED SYMBOLS
